0 info it worked if it ends with ok
1 verbose cli [ '/Users/LeonMing/.nvm/versions/node/v6.12.2/bin/node',
1 verbose cli   '/Users/LeonMing/.nvm/versions/node/v6.12.2/bin/npm',
1 verbose cli   'start' ]
2 info using npm@3.10.10
3 info using node@v6.12.2
4 verbose run-script [ 'prestart', 'start', 'poststart' ]
5 info lifecycle boids@1.0.0~prestart: boids@1.0.0
6 silly lifecycle boids@1.0.0~prestart: no script for prestart, continuing
7 info lifecycle boids@1.0.0~start: boids@1.0.0
8 verbose lifecycle boids@1.0.0~start: unsafe-perm in lifecycle true
9 verbose lifecycle boids@1.0.0~start: PATH: /Users/LeonMing/.nvm/versions/node/v6.12.2/lib/node_modules/npm/bin/node-gyp-bin:/Users/LeonMing/workspace/node/boids/node_modules/.bin:/Users/LeonMing/.nvm/versions/node/v6.12.2/bin:/Users/LeonMing/.rbenv/shims:/Users/LeonMing/.rbenv/shims:/Users/LeonMing/.rbenv/shims:/Users/LeonMing/.rvm/gems/ruby-2.4.1/bin:/Users/LeonMing/.rvm/gems/ruby-2.4.1@global/bin:/Users/LeonMing/.rvm/rubies/ruby-2.4.1/bin:/usr/local/bin:/usr/local/sbin:/usr/bin:/bin:/usr/sbin:/sbin:/usr/bin:/bin:/usr/sbin:/sbin:/usr/local/bin:/opt/X11/bin:/Users/LeonMing/.rvm/bin
10 verbose lifecycle boids@1.0.0~start: CWD: /Users/LeonMing/workspace/node/boids
11 silly lifecycle boids@1.0.0~start: Args: [ '-c', 'node app.js' ]
12 silly lifecycle boids@1.0.0~start: Returned: code: 1  signal: null
13 info lifecycle boids@1.0.0~start: Failed to exec start script
14 verbose stack Error: boids@1.0.0 start: `node app.js`
14 verbose stack Exit status 1
14 verbose stack     at EventEmitter.<anonymous> (/Users/LeonMing/.nvm/versions/node/v6.12.2/lib/node_modules/npm/lib/utils/lifecycle.js:255:16)
14 verbose stack     at emitTwo (events.js:106:13)
14 verbose stack     at EventEmitter.emit (events.js:191:7)
14 verbose stack     at ChildProcess.<anonymous> (/Users/LeonMing/.nvm/versions/node/v6.12.2/lib/node_modules/npm/lib/utils/spawn.js:40:14)
14 verbose stack     at emitTwo (events.js:106:13)
14 verbose stack     at ChildProcess.emit (events.js:191:7)
14 verbose stack     at maybeClose (internal/child_process.js:920:16)
14 verbose stack     at Process.ChildProcess._handle.onexit (internal/child_process.js:230:5)
15 verbose pkgid boids@1.0.0
16 verbose cwd /Users/LeonMing/workspace/node/boids
17 error Darwin 16.6.0
18 error argv "/Users/LeonMing/.nvm/versions/node/v6.12.2/bin/node" "/Users/LeonMing/.nvm/versions/node/v6.12.2/bin/npm" "start"
19 error node v6.12.2
20 error npm  v3.10.10
21 error code ELIFECYCLE
22 error boids@1.0.0 start: `node app.js`
22 error Exit status 1
23 error Failed at the boids@1.0.0 start script 'node app.js'.
23 error Make sure you have the latest version of node.js and npm installed.
23 error If you do, this is most likely a problem with the boids package,
23 error not with npm itself.
23 error Tell the author that this fails on your system:
23 error     node app.js
23 error You can get information on how to open an issue for this project with:
23 error     npm bugs boids
23 error Or if that isn't available, you can get their info via:
23 error     npm owner ls boids
23 error There is likely additional logging output above.
24 verbose exit [ 1, true ]
